<?xml version="1.0" encoding="UTF-8"?>
<!-- Generated by org.testng.reporters.JUnitReportReporter -->
<testsuite hostname="DESKTOP-FQ2Q8F9" failures="0" tests="1" name="vtigerPackagePractice.AssertionPractice" time="0.024" errors="0" timestamp="2023-08-29T12:12:37 IST" skipped="0">
  <testcase classname="vtigerPackagePractice.AssertionPractice" name="t" time="0.024"/>
  <system-out/>
</testsuite> <!-- vtigerPackagePractice.AssertionPractice -->
