<?xml version="1.0" encoding="UTF-8"?>
<!-- Generated by org.testng.reporters.JUnitReportReporter -->
<testsuite hostname="DESKTOP-FQ2Q8F9" failures="0" tests="1" name="vtigerPackagePractice.TestNGDemo" time="0.023" errors="0" timestamp="2023-08-19T12:00:44 IST" skipped="0">
  <testcase classname="vtigerPackagePractice.TestNGDemo" name="m1" time="0.023"/>
  <system-out/>
</testsuite> <!-- vtigerPackagePractice.TestNGDemo -->
