<?xml version="1.0" encoding="UTF-8"?>
<!-- Generated by org.testng.reporters.JUnitReportReporter -->
<testsuite hostname="DESKTOP-FQ2Q8F9" failures="0" tests="2" name="vtigerOranisationtest.CreateOranisatioWithIndustryTest" time="53.471" errors="0" timestamp="2023-09-18T10:59:38 IST" skipped="0">
  <testcase classname="vtigerOranisationtest.CreateOranisatioWithIndustryTest" name="t" time="36.526"/>
  <system-out/>
  <testcase classname="vtigerOranisationtest.CreateOranisatioWithIndustryTest" name="demo" time="16.945"/>
  <system-out/>
</testsuite> <!-- vtigerOranisationtest.CreateOranisatioWithIndustryTest -->
