<?xml version="1.0" encoding="UTF-8"?>
<!-- Generated by org.testng.reporters.JUnitReportReporter -->
<testsuite hostname="DESKTOP-FQ2Q8F9" failures="0" tests="5" name="vtigerOranisationTests.CreateOrgnaistionWithMultipleIndustry" time="0.018" errors="0" timestamp="2023-08-23T16:11:54 IST" skipped="0">
  <testcase classname="vtigerOranisationTests.CreateOrgnaistionWithMultipleIndustry" name="createMultipleOrgWithIndustry" time="0.010"/>
  <system-out/>
  <testcase classname="vtigerOranisationTests.CreateOrgnaistionWithMultipleIndustry" name="createMultipleOrgWithIndustry" time="0.002"/>
  <system-out/>
  <testcase classname="vtigerOranisationTests.CreateOrgnaistionWithMultipleIndustry" name="createMultipleOrgWithIndustry" time="0.002"/>
  <system-out/>
  <testcase classname="vtigerOranisationTests.CreateOrgnaistionWithMultipleIndustry" name="createMultipleOrgWithIndustry" time="0.002"/>
  <system-out/>
  <testcase classname="vtigerOranisationTests.CreateOrgnaistionWithMultipleIndustry" name="createMultipleOrgWithIndustry" time="0.002"/>
  <system-out/>
</testsuite> <!-- vtigerOranisationTests.CreateOrgnaistionWithMultipleIndustry -->
