<?xml version="1.0" encoding="UTF-8"?>
<!-- Generated by org.testng.reporters.JUnitReportReporter -->
<testsuite hostname="DESKTOP-FQ2Q8F9" failures="0" tests="1" name="vtigerGenericUtilities.BaseClass" time="14.181" errors="0" timestamp="2023-08-28T15:13:39 IST" skipped="0">
  <testcase classname="vtigerGenericUtilities.BaseClass" name="t" time="14.181"/>
  <system-out/>
</testsuite> <!-- vtigerGenericUtilities.BaseClass -->
