<?xml version="1.0" encoding="UTF-8"?>
<!-- Generated by org.testng.reporters.JUnitReportReporter -->
<testsuite hostname="DESKTOP-FQ2Q8F9" failures="0" tests="4" name="vtigerPackagePractice.DataProviderPactice" time="0.023" errors="0" timestamp="2023-09-16T12:13:22 IST" skipped="0">
  <testcase classname="vtigerPackagePractice.DataProviderPactice" name="addToCart" time="0.003"/>
  <system-out/>
  <testcase classname="vtigerPackagePractice.DataProviderPactice" name="addToCart" time="0.004"/>
  <system-out/>
  <testcase classname="vtigerPackagePractice.DataProviderPactice" name="addToCart" time="0.004"/>
  <system-out/>
  <testcase classname="vtigerPackagePractice.DataProviderPactice" name="addToCart" time="0.012"/>
  <system-out/>
</testsuite> <!-- vtigerPackagePractice.DataProviderPactice -->
